[INFO][rpc.go:40]2019/12/23 10:17:49 [2.0-hash: 0x3fb87d57b771926c5c20e7c4a0fe18e519a421ae4a499780b3cc73495bb5410b]
[INFO][ex.go:174]2019/12/23 10:17:49 [7.5-TransferFrom, from: 0xe79fead329b69540142fabd881099c04424cc49f , to: 0x454ae5ec8ae5ca7db60a56e4b45c238325242937 , tokenId: 3 , hash: 0x3fb87d57b771926c5c20e7c4a0fe18e519a421ae4a499780b3cc73495bb5410b]
[INFO][ex.go:175]2019/12/23 10:17:49 [-------------------------------------------------------------------]
[INFO][rpc.go:40]2019/12/23 10:18:42 [2.0-hash: 0xe72cd9b762807540f03184ac397edf02a33e782f39dd945ef0dbebb222f5822b]
[INFO][deal.go:96]2019/12/23 10:18:42 [5.1-result: ]
[INFO][rpc.go:40]2019/12/23 10:19:53 [2.0-hash: 0xe72cd9b762807540f03184ac397edf02a33e782f39dd945ef0dbebb222f5822b]
[INFO][deal.go:96]2019/12/23 10:19:53 [5.1-result: ]
[INFO][rpc.go:40]2019/12/23 10:20:47 [2.0-hash: 0xe72cd9b762807540f03184ac397edf02a33e782f39dd945ef0dbebb222f5822b]
[INFO][deal.go:96]2019/12/23 10:20:47 [5.1-result: ]
[INFO][rpc.go:40]2019/12/23 10:20:58 [2.0-hash: 0xe72cd9b762807540f03184ac397edf02a33e782f39dd945ef0dbebb222f5822b]
[INFO][deal.go:96]2019/12/23 10:20:58 [5.1-result: ]
[INFO][rpc.go:40]2019/12/23 10:21:43 [2.0-hash: 0xe72cd9b762807540f03184ac397edf02a33e782f39dd945ef0dbebb222f5822b]
[INFO][deal.go:96]2019/12/23 10:21:43 [5.1-result: ]
[INFO][rpc.go:40]2019/12/23 10:21:55 [2.0-hash: 0xe72cd9b762807540f03184ac397edf02a33e782f39dd945ef0dbebb222f5822b]
[INFO][deal.go:96]2019/12/23 10:21:55 [5.1-result: ]
[INFO][rpc.go:40]2019/12/23 10:22:19 [2.0-hash: 0xe72cd9b762807540f03184ac397edf02a33e782f39dd945ef0dbebb222f5822b]
[INFO][deal.go:96]2019/12/23 10:22:19 [5.1-result: ]
[INFO][rpc.go:40]2019/12/23 10:22:45 [2.0-hash: 0xe72cd9b762807540f03184ac397edf02a33e782f39dd945ef0dbebb222f5822b]
[INFO][deal.go:97]2019/12/23 10:22:45 [5.1-result: ]
[INFO][rpc.go:40]2019/12/23 10:22:51 [2.0-hash: 0xe72cd9b762807540f03184ac397edf02a33e782f39dd945ef0dbebb222f5822b]
[INFO][deal.go:97]2019/12/23 10:22:51 [5.1-result: ]
[INFO][rpc.go:40]2019/12/23 10:23:04 [2.0-hash: 0xe72cd9b762807540f03184ac397edf02a33e782f39dd945ef0dbebb222f5822b]
[INFO][deal.go:97]2019/12/23 10:23:04 [5.1-result: ]
[INFO][rpc.go:40]2019/12/23 10:23:56 [2.0-hash: 0xe72cd9b762807540f03184ac397edf02a33e782f39dd945ef0dbebb222f5822b]
[INFO][deal.go:97]2019/12/23 10:23:56 [5.1-result: ]
[INFO][rpc.go:40]2019/12/23 10:24:21 [2.0-hash: 0xe72cd9b762807540f03184ac397edf02a33e782f39dd945ef0dbebb222f5822b]
[INFO][deal.go:97]2019/12/23 10:24:21 [5.1-result: ]
[ERROR][main.go:43]2019/12/23 13:44:54 [1.2-PostMsg err: Post http://10.150.18.231:8031: dial tcp 10.150.18.231:8031: connect: connection refused]
[ERROR][main.go:43]2019/12/23 13:48:02 [1.2-PostMsg err: Post http://10.150.18.231:8031: dial tcp 10.150.18.231:8031: connect: connection refused]
[INFO][rpc.go:40]2019/12/23 13:48:27 [2.0-hash: 0x799fa4956cc5177576c81a6ad2a12191ef47fa1aa1e52853e2fce18316a41f9d]
[INFO][ex.go:143]2019/12/23 13:48:27 [7.3-Burn, from: 0xe79fead329b69540142fabd881099c04424cc49f , tokenID: 12 , operator: 0xe79fead329b69540142fabd881099c04424cc49f]
[INFO][ex.go:144]2019/12/23 13:48:27 [-------------------------------------------------------------------]
[INFO][rpc.go:40]2019/12/23 13:51:35 [2.0-hash: 0x1a75d6d78808411fc1f17f650a5d4403ae263c0ceaf3c2217d936e2317568a29]
[INFO][rpc.go:40]2019/12/23 13:58:26 [2.0-hash: 0x1a75d6d78808411fc1f17f650a5d4403ae263c0ceaf3c2217d936e2317568a29]
[INFO][rpc.go:40]2019/12/23 13:59:35 [2.0-hash: 0x1a75d6d78808411fc1f17f650a5d4403ae263c0ceaf3c2217d936e2317568a29]
[INFO][rpc.go:40]2019/12/23 14:01:06 [2.0-hash: 0x1a75d6d78808411fc1f17f650a5d4403ae263c0ceaf3c2217d936e2317568a29]
[INFO][rpc.go:40]2019/12/23 14:02:58 [2.0-hash: 0x1a75d6d78808411fc1f17f650a5d4403ae263c0ceaf3c2217d936e2317568a29]
[INFO][rpc.go:40]2019/12/23 14:07:08 [2.0-hash: 0x1a75d6d78808411fc1f17f650a5d4403ae263c0ceaf3c2217d936e2317568a29]
[INFO][rpc.go:40]2019/12/23 14:07:34 [2.0-hash: 0x1a75d6d78808411fc1f17f650a5d4403ae263c0ceaf3c2217d936e2317568a29]
[INFO][rpc.go:40]2019/12/23 14:09:37 [2.0-hash: 0x1a75d6d78808411fc1f17f650a5d4403ae263c0ceaf3c2217d936e2317568a29]
[INFO][rpc.go:40]2019/12/23 14:10:01 [2.0-hash: 0x1a75d6d78808411fc1f17f650a5d4403ae263c0ceaf3c2217d936e2317568a29]
[INFO][rpc.go:40]2019/12/23 14:14:40 [2.0-hash: 0x1a75d6d78808411fc1f17f650a5d4403ae263c0ceaf3c2217d936e2317568a29]
[INFO][rpc.go:40]2019/12/23 14:15:14 [2.0-hash: 0x1a75d6d78808411fc1f17f650a5d4403ae263c0ceaf3c2217d936e2317568a29]
[INFO][rpc.go:40]2019/12/23 14:31:21 [2.0-hash: 0x1a75d6d78808411fc1f17f650a5d4403ae263c0ceaf3c2217d936e2317568a29]
[INFO][ex.go:195]2019/12/23 14:31:21 [7.11-from: 0xe79fead329b69540142fabd881099c04424cc49f ,to: 0x74ad8b5c9ef47a8cc01cb1cf7da7510b54e8318f , approval: true , hash: 0x1a75d6d78808411fc1f17f650a5d4403ae263c0ceaf3c2217d936e2317568a29]
[INFO][ex.go:197]2019/12/23 14:31:21 [-------------------------------------------------------------------]
[INFO][rpc.go:40]2019/12/23 14:32:05 [2.0-hash: 0x671ff86f1d47c93122ed76d38e72a49f8da19e9d70d199fd65e5fdf8d9116751]
[INFO][ex.go:217]2019/12/23 14:32:05 [7.13-contract owner, from: 0xe79fead329b69540142fabd881099c04424cc49f , to: 0x695193772208fb21b8cae0096ddea871d74e82cb , contractAddr: 0x6067e36eb361f8f9a355c744fe98aae3d2bdb92e ,hash: 0x671ff86f1d47c93122ed76d38e72a49f8da19e9d70d199fd65e5fdf8d9116751 , blockNumber 8590137]
[INFO][rpc.go:40]2019/12/23 14:32:50 [2.0-hash: 0x671ff86f1d47c93122ed76d38e72a49f8da19e9d70d199fd65e5fdf8d9116751]
[INFO][ex.go:217]2019/12/23 14:32:50 [7.13-contract owner, from: 0xe79fead329b69540142fabd881099c04424cc49f , to: 0x695193772208fb21b8cae0096ddea871d74e82cb , contractAddr: 0x6067e36eb361f8f9a355c744fe98aae3d2bdb92e ,hash: 0x671ff86f1d47c93122ed76d38e72a49f8da19e9d70d199fd65e5fdf8d9116751 , blockNumber 8590137]
[INFO][ex.go:220]2019/12/23 14:32:50 [-------------------------------------------------------------------]
[INFO][rpc.go:40]2019/12/23 14:34:29 [2.0-hash: 0x671ff86f1d47c93122ed76d38e72a49f8da19e9d70d199fd65e5fdf8d9116751]
[INFO][ex.go:217]2019/12/23 14:34:29 [7.13-contract owner, from: 0xe79fead329b69540142fabd881099c04424cc49f , to: 0x695193772208fb21b8cae0096ddea871d74e82cb , contractAddr: 0x6067e36eb361f8f9a355c744fe98aae3d2bdb92e ,hash: 0x671ff86f1d47c93122ed76d38e72a49f8da19e9d70d199fd65e5fdf8d9116751 , blockNumber 8590137]
[INFO][ex.go:220]2019/12/23 14:34:29 [-------------------------------------------------------------------]
