[INFO][rpc.go:40]2019/12/20 09:28:27 [2.0-hash: 0xd25d5a7c4632d08f0767c9e15b89b946bb584619d51c0ffec7e5f909b1436eaf]
[INFO][deal.go:96]2019/12/20 09:28:28 [5.1-result: 0x0000000000000000000000000000000000000000000000000000000000000020000000000000000000000000000000000000000000000000000000000000000a7465737445524337323100000000000000000000000000000000000000000000]
[INFO][deal.go:96]2019/12/20 09:28:28 [5.1-result: 0x000000000000000000000000000000000000000000000000000000000000002000000000000000000000000000000000000000000000000000000000000000055445373231000000000000000000000000000000000000000000000000000000]
[INFO][rpc.go:159]2019/12/20 09:28:28 [4.3-create contract: {testERC721 TE721 0xe79fead329b69540142fabd881099c04424cc49f}]
[INFO][rpc.go:160]2019/12/20 09:28:28 [-------------------------------------------------------------------]
[INFO][rpc.go:40]2019/12/20 09:32:47 [2.0-hash: 0xf6be3d7f03ff9a7c522df31bb5609a42ae80d7a1c43b2e2a72a3a63119c48780]
[INFO][ex.go:96]2019/12/20 09:32:47 [7.1-[*Mint*] from: 0xe79fead329b69540142fabd881099c04424cc49f , to: 0xe79fead329b69540142fabd881099c04424cc49f , TokenId: 1 , contractAddr: 0x6067e36eb361f8f9a355c744fe98aae3d2bdb92e]
[INFO][rpc.go:40]2019/12/20 09:33:55 [2.0-hash: 0xf6be3d7f03ff9a7c522df31bb5609a42ae80d7a1c43b2e2a72a3a63119c48780]
[INFO][ex.go:96]2019/12/20 09:33:56 [7.1-[*Mint*] from: 0xe79fead329b69540142fabd881099c04424cc49f , to: 0xe79fead329b69540142fabd881099c04424cc49f , TokenId: 1 , contractAddr: 0x6067e36eb361f8f9a355c744fe98aae3d2bdb92e , blockNumber: 8573401]
[INFO][rpc.go:40]2019/12/20 09:34:15 [2.0-hash: 0xf6be3d7f03ff9a7c522df31bb5609a42ae80d7a1c43b2e2a72a3a63119c48780]
[INFO][ex.go:96]2019/12/20 09:34:15 [7.1-[*Mint*] from: 0xe79fead329b69540142fabd881099c04424cc49f , to: 0xe79fead329b69540142fabd881099c04424cc49f , TokenId: 1 , contractAddr: 0x6067e36eb361f8f9a355c744fe98aae3d2bdb92e , blockNumber: 8573401]
[INFO][rpc.go:40]2019/12/20 09:38:29 [2.0-hash: 0xf6be3d7f03ff9a7c522df31bb5609a42ae80d7a1c43b2e2a72a3a63119c48780]
[INFO][ex.go:96]2019/12/20 09:38:29 [7.1-[*Mint*] from: 0xe79fead329b69540142fabd881099c04424cc49f , to: 0xe79fead329b69540142fabd881099c04424cc49f , TokenId: 1 , contractAddr: 0x6067e36eb361f8f9a355c744fe98aae3d2bdb92e , blockNumber: 8573401]
[INFO][ex.go:98]2019/12/20 09:38:29 [-------------------------------------------------------------------]
[INFO][rpc.go:40]2019/12/20 09:39:05 [2.0-hash: 0xf6be3d7f03ff9a7c522df31bb5609a42ae80d7a1c43b2e2a72a3a63119c48780]
[INFO][ex.go:96]2019/12/20 09:39:05 [7.1-[Mint] from: 0xe79fead329b69540142fabd881099c04424cc49f , to: 0xe79fead329b69540142fabd881099c04424cc49f , TokenId: 1 , contractAddr: 0x6067e36eb361f8f9a355c744fe98aae3d2bdb92e , blockNumber: 8573401]
[INFO][ex.go:98]2019/12/20 09:39:05 [-------------------------------------------------------------------]
[INFO][rpc.go:40]2019/12/20 10:24:57 [2.0-hash: 0x799fa4956cc5177576c81a6ad2a12191ef47fa1aa1e52853e2fce18316a41f9d]
[INFO][rpc.go:40]2019/12/20 10:25:48 [2.0-hash: 0x799fa4956cc5177576c81a6ad2a12191ef47fa1aa1e52853e2fce18316a41f9d]
[INFO][rpc.go:40]2019/12/20 10:26:18 [2.0-hash: 0x799fa4956cc5177576c81a6ad2a12191ef47fa1aa1e52853e2fce18316a41f9d]
[INFO][rpc.go:40]2019/12/20 10:27:06 [2.0-hash: 0x799fa4956cc5177576c81a6ad2a12191ef47fa1aa1e52853e2fce18316a41f9d]
[INFO][ex.go:123]2019/12/20 10:27:06 [7.3-Burn, from: 0xe79fead329b69540142fabd881099c04424cc49f , tokenID: 12 , operator: 0xe79fead329b69540142fabd881099c04424cc49f]
[INFO][ex.go:124]2019/12/20 10:27:06 [-------------------------------------------------------------------]
[INFO][rpc.go:40]2019/12/20 11:09:43 [2.0-hash: 0x799fa4956cc5177576c81a6ad2a12191ef47fa1aa1e52853e2fce18316a41f9d]
[INFO][ex.go:121]2019/12/20 11:09:43 [7.3-Burn, from: 0xe79fead329b69540142fabd881099c04424cc49f , tokenID: 12 , operator: 0xe79fead329b69540142fabd881099c04424cc49f]
[INFO][ex.go:122]2019/12/20 11:09:43 [-------------------------------------------------------------------]
[INFO][rpc.go:40]2019/12/20 11:10:53 [2.0-hash: 0x799fa4956cc5177576c81a6ad2a12191ef47fa1aa1e52853e2fce18316a41f9d]
[INFO][ex.go:121]2019/12/20 11:10:53 [7.3-Burn, from: 0xe79fead329b69540142fabd881099c04424cc49f , tokenID: 12 , operator: 0xe79fead329b69540142fabd881099c04424cc49f]
[INFO][ex.go:122]2019/12/20 11:10:53 [-------------------------------------------------------------------]
[INFO][rpc.go:40]2019/12/20 11:11:03 [2.0-hash: 0x799fa4956cc5177576c81a6ad2a12191ef47fa1aa1e52853e2fce18316a41f9d]
[INFO][ex.go:121]2019/12/20 11:11:03 [7.3-Burn, from: 0xe79fead329b69540142fabd881099c04424cc49f , tokenID: 12 , operator: 0xe79fead329b69540142fabd881099c04424cc49f]
[INFO][ex.go:122]2019/12/20 11:11:03 [-------------------------------------------------------------------]
[INFO][rpc.go:40]2019/12/20 17:11:29 [2.0-hash: 0x3fb87d57b771926c5c20e7c4a0fe18e519a421ae4a499780b3cc73495bb5410b]
[INFO][rpc.go:40]2019/12/20 17:12:19 [2.0-hash: 0x3fb87d57b771926c5c20e7c4a0fe18e519a421ae4a499780b3cc73495bb5410b]
[INFO][rpc.go:40]2019/12/20 17:12:48 [2.0-hash: 0x3fb87d57b771926c5c20e7c4a0fe18e519a421ae4a499780b3cc73495bb5410b]
[INFO][rpc.go:40]2019/12/20 17:14:10 [2.0-hash: 0x3fb87d57b771926c5c20e7c4a0fe18e519a421ae4a499780b3cc73495bb5410b]
[INFO][rpc.go:40]2019/12/20 17:14:41 [2.0-hash: 0x3fb87d57b771926c5c20e7c4a0fe18e519a421ae4a499780b3cc73495bb5410b]
[INFO][rpc.go:40]2019/12/20 17:14:55 [2.0-hash: 0x3fb87d57b771926c5c20e7c4a0fe18e519a421ae4a499780b3cc73495bb5410b]
[INFO][rpc.go:40]2019/12/20 17:15:24 [2.0-hash: 0x3fb87d57b771926c5c20e7c4a0fe18e519a421ae4a499780b3cc73495bb5410b]
[INFO][rpc.go:40]2019/12/20 17:15:36 [2.0-hash: 0x3fb87d57b771926c5c20e7c4a0fe18e519a421ae4a499780b3cc73495bb5410b]
[INFO][rpc.go:40]2019/12/20 17:15:52 [2.0-hash: 0x3fb87d57b771926c5c20e7c4a0fe18e519a421ae4a499780b3cc73495bb5410b]
[INFO][ex.go:156]2019/12/20 17:15:52 [7.5-TransferFrom, from: 0xe79fead329b69540142fabd881099c04424cc49f , to: 0x454ae5ec8ae5ca7db60a56e4b45c238325242937 , tokenId: 3 , hash: 0x3fb87d57b771926c5c20e7c4a0fe18e519a421ae4a499780b3cc73495bb5410b]
[INFO][ex.go:157]2019/12/20 17:15:52 [-------------------------------------------------------------------]
